Start testing: Apr 10 17:56 CEST
----------------------------------------------------------
1/1 Testing: phylign-port-regression
1/1 Test: phylign-port-regression
Command: "/opt/homebrew/Frameworks/Python.framework/Versions/3.14/bin/python3.14" "/Users/karel/git/modified-Fulgor/tests/phylign_port_regression.py" "--new-binary" "/Users/karel/git/modified-Fulgor/build-port/fulgor"
Directory: /Users/karel/git/modified-Fulgor/build-port
"phylign-port-regression" start time: Apr 10 17:56 CEST
Output:
----------------------------------------------------------
new-binary regression checks passed; full cross-version comparison skipped because --old-binary and/or --upstream-binary were not provided
<end of output>
Test time =   0.71 sec
----------------------------------------------------------
Test Passed.
"phylign-port-regression" end time: Apr 10 17:56 CEST
"phylign-port-regression" time elapsed: 00:00:00
----------------------------------------------------------

End testing: Apr 10 17:56 CEST
